<?xml version="1.0" encoding="UTF-8"?>
<!-- Generated by org.testng.reporters.JUnitReportReporter -->
<testsuite skipped="0" hostname="DESKTOP-B8IRFS0" name="test.Day2" tests="2" failures="0" timestamp="2020-08-03T10:33:07 IST" time="0.021" errors="0">
  <testcase name="Login" time="0.018" classname="test.Day2"/>
  <system-out/>
  <testcase name="Login" time="0.003" classname="test.Day2"/>
  <system-out/>
</testsuite> <!-- test.Day2 -->
